2025-03-23 11:39:52,356 - INFO - Iniciando autenticação no Kaggle.
2025-03-23 11:39:52,356 - INFO - Autenticação bem-sucedida! Fazendo download do dataset.
2025-03-23 11:42:19,334 - INFO - Iniciando autenticação no Kaggle.
2025-03-23 11:42:19,342 - INFO - Autenticação bem-sucedida! Fazendo download do dataset.
2025-03-23 11:43:26,744 - INFO - Iniciando autenticação no Kaggle.
2025-03-23 11:43:26,744 - INFO - Autenticação bem-sucedida! Fazendo download do dataset.
2025-03-23 11:43:52,505 - INFO - Iniciando autenticação no Kaggle.
2025-03-23 11:46:03,825 - INFO - Iniciando autenticação no Kaggle.
2025-03-23 11:46:32,269 - INFO - Iniciando autenticação no Kaggle.
2025-03-23 11:46:32,269 - INFO - Autenticação bem-sucedida! Fazendo download do dataset.
2025-03-23 11:52:56,200 - INFO - Iniciando autenticação no Kaggle.
2025-03-23 11:52:56,208 - INFO - Autenticação bem-sucedida! Fazendo download do dataset.
2025-03-23 12:00:08,670 - INFO - Iniciando autenticação no Kaggle.
2025-03-23 12:00:08,735 - INFO - Autenticação bem-sucedida! Fazendo download do dataset.
2025-03-23 12:01:00,753 - INFO - Iniciando autenticação no Kaggle.
2025-03-23 12:01:00,761 - INFO - Autenticação bem-sucedida! Fazendo download do dataset.
2025-03-23 12:04:26,865 - INFO - Iniciando autenticação no Kaggle.
2025-03-23 12:04:26,875 - INFO - Autenticação bem-sucedida! Fazendo download do dataset.
2025-03-23 12:05:51,418 - INFO - Iniciando autenticação no Kaggle.
2025-03-23 12:05:51,426 - INFO - Autenticação bem-sucedida! Fazendo download do dataset.
2025-03-23 12:15:58,545 - INFO - Iniciando autenticação no Kaggle.
2025-03-23 12:15:58,545 - INFO - Autenticação bem-sucedida! Fazendo download do dataset.
2025-03-23 12:20:40,486 - INFO - Iniciando autenticação no Kaggle.
2025-03-23 12:20:40,486 - INFO - Autenticação bem-sucedida! Fazendo download do dataset.
2025-03-23 12:20:40,936 - INFO - Dataset baixado com sucesso! Gerando relatórios de EDA.
2025-03-23 12:22:56,222 - INFO - Iniciando autenticação no Kaggle.
2025-03-23 12:22:56,222 - INFO - Autenticação bem-sucedida! Fazendo download do dataset.
2025-03-23 12:22:56,975 - INFO - Dataset baixado com sucesso! Gerando relatórios de EDA.
2025-03-23 12:22:56,990 - ERROR - Erro ao gerar relatório AutoViz para       Transaction_ID  User_ID    Transaction_Amount Transaction_Type  \
0        TXN_33553    USER_1834         39.79                   POS    
1         TXN_9427    USER_7875          1.19         Bank Transfer    
2          TXN_199    USER_2734         28.96                Online    
3        TXN_12447    USER_2617        254.32        ATM Withdrawal    
4        TXN_39489    USER_2014         31.28                   POS    
...              ...        ...                 ...              ...   
49995    TXN_11284    USER_4796         45.05                Online    
49996    TXN_44732    USER_1171        126.15                   POS    
49997    TXN_38158    USER_2510         72.02                Online    
49998      TXN_860    USER_2248         64.89         Bank Transfer    
49999    TXN_15795    USER_6529         13.00         Bank Transfer    

           Timestamp        Account_Balance Device_Type  Location  \
0      2023-08-14 19:30:00     93213.17        Laptop      Sydney   
1      2023-06-07 04:01:00     75725.25        Mobile    New York   
2      2023-06-20 15:25:00      1588.96        Tablet      Mumbai   
3      2023-12-07 00:31:00     76807.20        Tablet    New York   
4      2023-11-11 23:44:00     92354.66        Mobile      Mumbai   
...                    ...              ...         ...       ...   
49995  2023-01-29 18:38:00     76960.11        Mobile       Tokyo   
49996  2023-05-09 08:55:00     28791.75        Mobile       Tokyo   
49997  2023-01-30 19:32:00     29916.41        Laptop      Mumbai   
49998  2023-03-09 19:47:00     67895.67        Mobile       Tokyo   
49999  2023-08-19 23:57:00      7668.82        Tablet      London   

      Merchant_Category  IP_Address_Flag  Previous_Fraudulent_Activity  \
0              Travel           0                       0                
1            Clothing           0                       0                
2         Restaurants           0                       0                
3            Clothing           0                       0                
4         Electronics           0                       1                
...                 ...              ...                           ...   
49995        Clothing           0                       0                
49996        Clothing           0                       0                
49997        Clothing           0                       1                
49998     Electronics           0                       0                
49999     Restaurants           0                       0                

       Daily_Transaction_Count  Avg_Transaction_Amount_7d  \
0                 7                      437.63             
1                13                      478.76             
2                14                       50.01             
3                 8                      182.48             
4                14                      328.69             
...                        ...                        ...   
49995             2                      389.00             
49996            13                      434.95             
49997             1                      369.15             
49998            13                      242.29             
49999             5                      273.78             

       Failed_Transaction_Count_7d  Card_Type   Card_Age  \
0                   3                     Amex      65     
1                   4               Mastercard     186     
2                   4                     Visa     226     
3                   4                     Visa      76     
4                   4               Mastercard     140     
...                            ...         ...       ...   
49995               3                     Amex      98     
49996               4                     Visa      93     
49997               2                     Visa     114     
49998               4                 Discover      72     
49999               1               Mastercard     154     

       Transaction_Distance Authentication_Method  Risk_Score  Is_Weekend  \
0              883.17              Biometric         0.8494         0       
1             2203.36               Password         0.0959         0       
2             1909.29              Biometric         0.8400         0       
3             1311.86                    OTP         0.7935         0       
4              966.98               Password         0.3819         1       
...                     ...                   ...         ...         ...   
49995         1537.54                    PIN         0.1493         1       
49996         2555.72              Biometric         0.3653         0       
49997         4686.59              Biometric         0.5195         0       
49998         4886.92              Biometric         0.7063         0       
49999         1568.95                    OTP         0.8938         0       

       Fraud_Label  
0           0       
1           1       
2           1       
3           1       
4           1       
...            ...  
49995       0       
49996       1       
49997       0       
49998       1       
49999       1       

[50000 rows x 21 columns]: 'NoneType' object is not iterable
2025-03-23 12:22:57,088 - ERROR - Erro ao gerar relatório Sweetviz para       Transaction_ID  User_ID    Transaction_Amount Transaction_Type  \
0        TXN_33553    USER_1834         39.79                   POS    
1         TXN_9427    USER_7875          1.19         Bank Transfer    
2          TXN_199    USER_2734         28.96                Online    
3        TXN_12447    USER_2617        254.32        ATM Withdrawal    
4        TXN_39489    USER_2014         31.28                   POS    
...              ...        ...                 ...              ...   
49995    TXN_11284    USER_4796         45.05                Online    
49996    TXN_44732    USER_1171        126.15                   POS    
49997    TXN_38158    USER_2510         72.02                Online    
49998      TXN_860    USER_2248         64.89         Bank Transfer    
49999    TXN_15795    USER_6529         13.00         Bank Transfer    

           Timestamp        Account_Balance Device_Type  Location  \
0      2023-08-14 19:30:00     93213.17        Laptop      Sydney   
1      2023-06-07 04:01:00     75725.25        Mobile    New York   
2      2023-06-20 15:25:00      1588.96        Tablet      Mumbai   
3      2023-12-07 00:31:00     76807.20        Tablet    New York   
4      2023-11-11 23:44:00     92354.66        Mobile      Mumbai   
...                    ...              ...         ...       ...   
49995  2023-01-29 18:38:00     76960.11        Mobile       Tokyo   
49996  2023-05-09 08:55:00     28791.75        Mobile       Tokyo   
49997  2023-01-30 19:32:00     29916.41        Laptop      Mumbai   
49998  2023-03-09 19:47:00     67895.67        Mobile       Tokyo   
49999  2023-08-19 23:57:00      7668.82        Tablet      London   

      Merchant_Category  IP_Address_Flag  Previous_Fraudulent_Activity  \
0              Travel           0                       0                
1            Clothing           0                       0                
2         Restaurants           0                       0                
3            Clothing           0                       0                
4         Electronics           0                       1                
...                 ...              ...                           ...   
49995        Clothing           0                       0                
49996        Clothing           0                       0                
49997        Clothing           0                       1                
49998     Electronics           0                       0                
49999     Restaurants           0                       0                

       Daily_Transaction_Count  Avg_Transaction_Amount_7d  \
0                 7                      437.63             
1                13                      478.76             
2                14                       50.01             
3                 8                      182.48             
4                14                      328.69             
...                        ...                        ...   
49995             2                      389.00             
49996            13                      434.95             
49997             1                      369.15             
49998            13                      242.29             
49999             5                      273.78             

       Failed_Transaction_Count_7d  Card_Type   Card_Age  \
0                   3                     Amex      65     
1                   4               Mastercard     186     
2                   4                     Visa     226     
3                   4                     Visa      76     
4                   4               Mastercard     140     
...                            ...         ...       ...   
49995               3                     Amex      98     
49996               4                     Visa      93     
49997               2                     Visa     114     
49998               4                 Discover      72     
49999               1               Mastercard     154     

       Transaction_Distance Authentication_Method  Risk_Score  Is_Weekend  \
0              883.17              Biometric         0.8494         0       
1             2203.36               Password         0.0959         0       
2             1909.29              Biometric         0.8400         0       
3             1311.86                    OTP         0.7935         0       
4              966.98               Password         0.3819         1       
...                     ...                   ...         ...         ...   
49995         1537.54                    PIN         0.1493         1       
49996         2555.72              Biometric         0.3653         0       
49997         4686.59              Biometric         0.5195         0       
49998         4886.92              Biometric         0.7063         0       
49999         1568.95                    OTP         0.8938         0       

       Fraud_Label  
0           0       
1           1       
2           1       
3           1       
4           1       
...            ...  
49995       0       
49996       1       
49997       0       
49998       1       
49999       1       

[50000 rows x 21 columns]: "source" parameter should either be a string or a list of 2 elements: [dataframe, "Name"].
2025-03-23 12:22:57,243 - ERROR - Erro ao iniciar D-Tale para       Transaction_ID  User_ID    Transaction_Amount Transaction_Type  \
0        TXN_33553    USER_1834         39.79                   POS    
1         TXN_9427    USER_7875          1.19         Bank Transfer    
2          TXN_199    USER_2734         28.96                Online    
3        TXN_12447    USER_2617        254.32        ATM Withdrawal    
4        TXN_39489    USER_2014         31.28                   POS    
...              ...        ...                 ...              ...   
49995    TXN_11284    USER_4796         45.05                Online    
49996    TXN_44732    USER_1171        126.15                   POS    
49997    TXN_38158    USER_2510         72.02                Online    
49998      TXN_860    USER_2248         64.89         Bank Transfer    
49999    TXN_15795    USER_6529         13.00         Bank Transfer    

           Timestamp        Account_Balance Device_Type  Location  \
0      2023-08-14 19:30:00     93213.17        Laptop      Sydney   
1      2023-06-07 04:01:00     75725.25        Mobile    New York   
2      2023-06-20 15:25:00      1588.96        Tablet      Mumbai   
3      2023-12-07 00:31:00     76807.20        Tablet    New York   
4      2023-11-11 23:44:00     92354.66        Mobile      Mumbai   
...                    ...              ...         ...       ...   
49995  2023-01-29 18:38:00     76960.11        Mobile       Tokyo   
49996  2023-05-09 08:55:00     28791.75        Mobile       Tokyo   
49997  2023-01-30 19:32:00     29916.41        Laptop      Mumbai   
49998  2023-03-09 19:47:00     67895.67        Mobile       Tokyo   
49999  2023-08-19 23:57:00      7668.82        Tablet      London   

      Merchant_Category  IP_Address_Flag  Previous_Fraudulent_Activity  \
0              Travel           0                       0                
1            Clothing           0                       0                
2         Restaurants           0                       0                
3            Clothing           0                       0                
4         Electronics           0                       1                
...                 ...              ...                           ...   
49995        Clothing           0                       0                
49996        Clothing           0                       0                
49997        Clothing           0                       1                
49998     Electronics           0                       0                
49999     Restaurants           0                       0                

       Daily_Transaction_Count  Avg_Transaction_Amount_7d  \
0                 7                      437.63             
1                13                      478.76             
2                14                       50.01             
3                 8                      182.48             
4                14                      328.69             
...                        ...                        ...   
49995             2                      389.00             
49996            13                      434.95             
49997             1                      369.15             
49998            13                      242.29             
49999             5                      273.78             

       Failed_Transaction_Count_7d  Card_Type   Card_Age  \
0                   3                     Amex      65     
1                   4               Mastercard     186     
2                   4                     Visa     226     
3                   4                     Visa      76     
4                   4               Mastercard     140     
...                            ...         ...       ...   
49995               3                     Amex      98     
49996               4                     Visa      93     
49997               2                     Visa     114     
49998               4                 Discover      72     
49999               1               Mastercard     154     

       Transaction_Distance Authentication_Method  Risk_Score  Is_Weekend  \
0              883.17              Biometric         0.8494         0       
1             2203.36               Password         0.0959         0       
2             1909.29              Biometric         0.8400         0       
3             1311.86                    OTP         0.7935         0       
4              966.98               Password         0.3819         1       
...                     ...                   ...         ...         ...   
49995         1537.54                    PIN         0.1493         1       
49996         2555.72              Biometric         0.3653         0       
49997         4686.59              Biometric         0.5195         0       
49998         4886.92              Biometric         0.7063         0       
49999         1568.95                    OTP         0.8938         0       

       Fraud_Label  
0           0       
1           1       
2           1       
3           1       
4           1       
...            ...  
49995       0       
49996       1       
49997       0       
49998       1       
49999       1       

[50000 rows x 21 columns]: data loaded must be one of the following types: pandas.DataFrame, pandas.Series, pandas.DatetimeIndex, pandas.MultiIndex, xarray.Dataset, numpy.array, numpy.ndarray, list, dict
2025-03-23 12:22:57,410 - ERROR - Erro ao gerar relatório YData para       Transaction_ID  User_ID    Transaction_Amount Transaction_Type  \
0        TXN_33553    USER_1834         39.79                   POS    
1         TXN_9427    USER_7875          1.19         Bank Transfer    
2          TXN_199    USER_2734         28.96                Online    
3        TXN_12447    USER_2617        254.32        ATM Withdrawal    
4        TXN_39489    USER_2014         31.28                   POS    
...              ...        ...                 ...              ...   
49995    TXN_11284    USER_4796         45.05                Online    
49996    TXN_44732    USER_1171        126.15                   POS    
49997    TXN_38158    USER_2510         72.02                Online    
49998      TXN_860    USER_2248         64.89         Bank Transfer    
49999    TXN_15795    USER_6529         13.00         Bank Transfer    

           Timestamp        Account_Balance Device_Type  Location  \
0      2023-08-14 19:30:00     93213.17        Laptop      Sydney   
1      2023-06-07 04:01:00     75725.25        Mobile    New York   
2      2023-06-20 15:25:00      1588.96        Tablet      Mumbai   
3      2023-12-07 00:31:00     76807.20        Tablet    New York   
4      2023-11-11 23:44:00     92354.66        Mobile      Mumbai   
...                    ...              ...         ...       ...   
49995  2023-01-29 18:38:00     76960.11        Mobile       Tokyo   
49996  2023-05-09 08:55:00     28791.75        Mobile       Tokyo   
49997  2023-01-30 19:32:00     29916.41        Laptop      Mumbai   
49998  2023-03-09 19:47:00     67895.67        Mobile       Tokyo   
49999  2023-08-19 23:57:00      7668.82        Tablet      London   

      Merchant_Category  IP_Address_Flag  Previous_Fraudulent_Activity  \
0              Travel           0                       0                
1            Clothing           0                       0                
2         Restaurants           0                       0                
3            Clothing           0                       0                
4         Electronics           0                       1                
...                 ...              ...                           ...   
49995        Clothing           0                       0                
49996        Clothing           0                       0                
49997        Clothing           0                       1                
49998     Electronics           0                       0                
49999     Restaurants           0                       0                

       Daily_Transaction_Count  Avg_Transaction_Amount_7d  \
0                 7                      437.63             
1                13                      478.76             
2                14                       50.01             
3                 8                      182.48             
4                14                      328.69             
...                        ...                        ...   
49995             2                      389.00             
49996            13                      434.95             
49997             1                      369.15             
49998            13                      242.29             
49999             5                      273.78             

       Failed_Transaction_Count_7d  Card_Type   Card_Age  \
0                   3                     Amex      65     
1                   4               Mastercard     186     
2                   4                     Visa     226     
3                   4                     Visa      76     
4                   4               Mastercard     140     
...                            ...         ...       ...   
49995               3                     Amex      98     
49996               4                     Visa      93     
49997               2                     Visa     114     
49998               4                 Discover      72     
49999               1               Mastercard     154     

       Transaction_Distance Authentication_Method  Risk_Score  Is_Weekend  \
0              883.17              Biometric         0.8494         0       
1             2203.36               Password         0.0959         0       
2             1909.29              Biometric         0.8400         0       
3             1311.86                    OTP         0.7935         0       
4              966.98               Password         0.3819         1       
...                     ...                   ...         ...         ...   
49995         1537.54                    PIN         0.1493         1       
49996         2555.72              Biometric         0.3653         0       
49997         4686.59              Biometric         0.5195         0       
49998         4886.92              Biometric         0.7063         0       
49999         1568.95                    OTP         0.8938         0       

       Fraud_Label  
0           0       
1           1       
2           1       
3           1       
4           1       
...            ...  
49995       0       
49996       1       
49997       0       
49998       1       
49999       1       

[50000 rows x 21 columns]: 'str' object has no attribute 'copy'
2025-03-23 12:22:57,519 - INFO - Processo concluído com sucesso.
2025-03-23 12:26:21,542 - INFO - Iniciando autenticação no Kaggle.
2025-03-23 12:26:21,549 - INFO - Autenticação bem-sucedida! Fazendo download do dataset.
2025-03-23 12:26:22,392 - INFO - Dataset baixado com sucesso! Gerando relatórios de EDA.
2025-03-23 12:26:22,400 - ERROR - Erro ao gerar relatório AutoViz para       Transaction_ID  User_ID    Transaction_Amount Transaction_Type  \
0        TXN_33553    USER_1834         39.79                   POS    
1         TXN_9427    USER_7875          1.19         Bank Transfer    
2          TXN_199    USER_2734         28.96                Online    
3        TXN_12447    USER_2617        254.32        ATM Withdrawal    
4        TXN_39489    USER_2014         31.28                   POS    
...              ...        ...                 ...              ...   
49995    TXN_11284    USER_4796         45.05                Online    
49996    TXN_44732    USER_1171        126.15                   POS    
49997    TXN_38158    USER_2510         72.02                Online    
49998      TXN_860    USER_2248         64.89         Bank Transfer    
49999    TXN_15795    USER_6529         13.00         Bank Transfer    

           Timestamp        Account_Balance Device_Type  Location  \
0      2023-08-14 19:30:00     93213.17        Laptop      Sydney   
1      2023-06-07 04:01:00     75725.25        Mobile    New York   
2      2023-06-20 15:25:00      1588.96        Tablet      Mumbai   
3      2023-12-07 00:31:00     76807.20        Tablet    New York   
4      2023-11-11 23:44:00     92354.66        Mobile      Mumbai   
...                    ...              ...         ...       ...   
49995  2023-01-29 18:38:00     76960.11        Mobile       Tokyo   
49996  2023-05-09 08:55:00     28791.75        Mobile       Tokyo   
49997  2023-01-30 19:32:00     29916.41        Laptop      Mumbai   
49998  2023-03-09 19:47:00     67895.67        Mobile       Tokyo   
49999  2023-08-19 23:57:00      7668.82        Tablet      London   

      Merchant_Category  IP_Address_Flag  Previous_Fraudulent_Activity  \
0              Travel           0                       0                
1            Clothing           0                       0                
2         Restaurants           0                       0                
3            Clothing           0                       0                
4         Electronics           0                       1                
...                 ...              ...                           ...   
49995        Clothing           0                       0                
49996        Clothing           0                       0                
49997        Clothing           0                       1                
49998     Electronics           0                       0                
49999     Restaurants           0                       0                

       Daily_Transaction_Count  Avg_Transaction_Amount_7d  \
0                 7                      437.63             
1                13                      478.76             
2                14                       50.01             
3                 8                      182.48             
4                14                      328.69             
...                        ...                        ...   
49995             2                      389.00             
49996            13                      434.95             
49997             1                      369.15             
49998            13                      242.29             
49999             5                      273.78             

       Failed_Transaction_Count_7d  Card_Type   Card_Age  \
0                   3                     Amex      65     
1                   4               Mastercard     186     
2                   4                     Visa     226     
3                   4                     Visa      76     
4                   4               Mastercard     140     
...                            ...         ...       ...   
49995               3                     Amex      98     
49996               4                     Visa      93     
49997               2                     Visa     114     
49998               4                 Discover      72     
49999               1               Mastercard     154     

       Transaction_Distance Authentication_Method  Risk_Score  Is_Weekend  \
0              883.17              Biometric         0.8494         0       
1             2203.36               Password         0.0959         0       
2             1909.29              Biometric         0.8400         0       
3             1311.86                    OTP         0.7935         0       
4              966.98               Password         0.3819         1       
...                     ...                   ...         ...         ...   
49995         1537.54                    PIN         0.1493         1       
49996         2555.72              Biometric         0.3653         0       
49997         4686.59              Biometric         0.5195         0       
49998         4886.92              Biometric         0.7063         0       
49999         1568.95                    OTP         0.8938         0       

       Fraud_Label  
0           0       
1           1       
2           1       
3           1       
4           1       
...            ...  
49995       0       
49996       1       
49997       0       
49998       1       
49999       1       

[50000 rows x 21 columns]: 'NoneType' object is not iterable
2025-03-23 12:26:22,489 - ERROR - Erro ao iniciar D-Tale para       Transaction_ID  User_ID    Transaction_Amount Transaction_Type  \
0        TXN_33553    USER_1834         39.79                   POS    
1         TXN_9427    USER_7875          1.19         Bank Transfer    
2          TXN_199    USER_2734         28.96                Online    
3        TXN_12447    USER_2617        254.32        ATM Withdrawal    
4        TXN_39489    USER_2014         31.28                   POS    
...              ...        ...                 ...              ...   
49995    TXN_11284    USER_4796         45.05                Online    
49996    TXN_44732    USER_1171        126.15                   POS    
49997    TXN_38158    USER_2510         72.02                Online    
49998      TXN_860    USER_2248         64.89         Bank Transfer    
49999    TXN_15795    USER_6529         13.00         Bank Transfer    

           Timestamp        Account_Balance Device_Type  Location  \
0      2023-08-14 19:30:00     93213.17        Laptop      Sydney   
1      2023-06-07 04:01:00     75725.25        Mobile    New York   
2      2023-06-20 15:25:00      1588.96        Tablet      Mumbai   
3      2023-12-07 00:31:00     76807.20        Tablet    New York   
4      2023-11-11 23:44:00     92354.66        Mobile      Mumbai   
...                    ...              ...         ...       ...   
49995  2023-01-29 18:38:00     76960.11        Mobile       Tokyo   
49996  2023-05-09 08:55:00     28791.75        Mobile       Tokyo   
49997  2023-01-30 19:32:00     29916.41        Laptop      Mumbai   
49998  2023-03-09 19:47:00     67895.67        Mobile       Tokyo   
49999  2023-08-19 23:57:00      7668.82        Tablet      London   

      Merchant_Category  IP_Address_Flag  Previous_Fraudulent_Activity  \
0              Travel           0                       0                
1            Clothing           0                       0                
2         Restaurants           0                       0                
3            Clothing           0                       0                
4         Electronics           0                       1                
...                 ...              ...                           ...   
49995        Clothing           0                       0                
49996        Clothing           0                       0                
49997        Clothing           0                       1                
49998     Electronics           0                       0                
49999     Restaurants           0                       0                

       Daily_Transaction_Count  Avg_Transaction_Amount_7d  \
0                 7                      437.63             
1                13                      478.76             
2                14                       50.01             
3                 8                      182.48             
4                14                      328.69             
...                        ...                        ...   
49995             2                      389.00             
49996            13                      434.95             
49997             1                      369.15             
49998            13                      242.29             
49999             5                      273.78             

       Failed_Transaction_Count_7d  Card_Type   Card_Age  \
0                   3                     Amex      65     
1                   4               Mastercard     186     
2                   4                     Visa     226     
3                   4                     Visa      76     
4                   4               Mastercard     140     
...                            ...         ...       ...   
49995               3                     Amex      98     
49996               4                     Visa      93     
49997               2                     Visa     114     
49998               4                 Discover      72     
49999               1               Mastercard     154     

       Transaction_Distance Authentication_Method  Risk_Score  Is_Weekend  \
0              883.17              Biometric         0.8494         0       
1             2203.36               Password         0.0959         0       
2             1909.29              Biometric         0.8400         0       
3             1311.86                    OTP         0.7935         0       
4              966.98               Password         0.3819         1       
...                     ...                   ...         ...         ...   
49995         1537.54                    PIN         0.1493         1       
49996         2555.72              Biometric         0.3653         0       
49997         4686.59              Biometric         0.5195         0       
49998         4886.92              Biometric         0.7063         0       
49999         1568.95                    OTP         0.8938         0       

       Fraud_Label  
0           0       
1           1       
2           1       
3           1       
4           1       
...            ...  
49995       0       
49996       1       
49997       0       
49998       1       
49999       1       

[50000 rows x 21 columns]: data loaded must be one of the following types: pandas.DataFrame, pandas.Series, pandas.DatetimeIndex, pandas.MultiIndex, xarray.Dataset, numpy.array, numpy.ndarray, list, dict
2025-03-23 12:26:22,546 - ERROR - Erro ao gerar relatório YData para       Transaction_ID  User_ID    Transaction_Amount Transaction_Type  \
0        TXN_33553    USER_1834         39.79                   POS    
1         TXN_9427    USER_7875          1.19         Bank Transfer    
2          TXN_199    USER_2734         28.96                Online    
3        TXN_12447    USER_2617        254.32        ATM Withdrawal    
4        TXN_39489    USER_2014         31.28                   POS    
...              ...        ...                 ...              ...   
49995    TXN_11284    USER_4796         45.05                Online    
49996    TXN_44732    USER_1171        126.15                   POS    
49997    TXN_38158    USER_2510         72.02                Online    
49998      TXN_860    USER_2248         64.89         Bank Transfer    
49999    TXN_15795    USER_6529         13.00         Bank Transfer    

           Timestamp        Account_Balance Device_Type  Location  \
0      2023-08-14 19:30:00     93213.17        Laptop      Sydney   
1      2023-06-07 04:01:00     75725.25        Mobile    New York   
2      2023-06-20 15:25:00      1588.96        Tablet      Mumbai   
3      2023-12-07 00:31:00     76807.20        Tablet    New York   
4      2023-11-11 23:44:00     92354.66        Mobile      Mumbai   
...                    ...              ...         ...       ...   
49995  2023-01-29 18:38:00     76960.11        Mobile       Tokyo   
49996  2023-05-09 08:55:00     28791.75        Mobile       Tokyo   
49997  2023-01-30 19:32:00     29916.41        Laptop      Mumbai   
49998  2023-03-09 19:47:00     67895.67        Mobile       Tokyo   
49999  2023-08-19 23:57:00      7668.82        Tablet      London   

      Merchant_Category  IP_Address_Flag  Previous_Fraudulent_Activity  \
0              Travel           0                       0                
1            Clothing           0                       0                
2         Restaurants           0                       0                
3            Clothing           0                       0                
4         Electronics           0                       1                
...                 ...              ...                           ...   
49995        Clothing           0                       0                
49996        Clothing           0                       0                
49997        Clothing           0                       1                
49998     Electronics           0                       0                
49999     Restaurants           0                       0                

       Daily_Transaction_Count  Avg_Transaction_Amount_7d  \
0                 7                      437.63             
1                13                      478.76             
2                14                       50.01             
3                 8                      182.48             
4                14                      328.69             
...                        ...                        ...   
49995             2                      389.00             
49996            13                      434.95             
49997             1                      369.15             
49998            13                      242.29             
49999             5                      273.78             

       Failed_Transaction_Count_7d  Card_Type   Card_Age  \
0                   3                     Amex      65     
1                   4               Mastercard     186     
2                   4                     Visa     226     
3                   4                     Visa      76     
4                   4               Mastercard     140     
...                            ...         ...       ...   
49995               3                     Amex      98     
49996               4                     Visa      93     
49997               2                     Visa     114     
49998               4                 Discover      72     
49999               1               Mastercard     154     

       Transaction_Distance Authentication_Method  Risk_Score  Is_Weekend  \
0              883.17              Biometric         0.8494         0       
1             2203.36               Password         0.0959         0       
2             1909.29              Biometric         0.8400         0       
3             1311.86                    OTP         0.7935         0       
4              966.98               Password         0.3819         1       
...                     ...                   ...         ...         ...   
49995         1537.54                    PIN         0.1493         1       
49996         2555.72              Biometric         0.3653         0       
49997         4686.59              Biometric         0.5195         0       
49998         4886.92              Biometric         0.7063         0       
49999         1568.95                    OTP         0.8938         0       

       Fraud_Label  
0           0       
1           1       
2           1       
3           1       
4           1       
...            ...  
49995       0       
49996       1       
49997       0       
49998       1       
49999       1       

[50000 rows x 21 columns]: 'str' object has no attribute 'copy'
2025-03-23 12:26:22,580 - INFO - Processo concluído com sucesso.
2025-03-23 12:30:13,244 - INFO - Iniciando autenticação no Kaggle.
2025-03-23 12:30:13,244 - INFO - Autenticação bem-sucedida! Fazendo download do dataset.
2025-03-23 12:30:13,668 - INFO - Dataset baixado com sucesso! Gerando relatórios de EDA.
2025-03-23 12:31:06,181 - INFO - Relatório AutoViz gerado para synthetic_fraud_dataset.
2025-03-23 12:31:21,365 - INFO - D-Tale iniciado para synthetic_fraud_dataset.
2025-03-23 12:33:54,536 - INFO - Relatório YData Profiling salvo em c:\Users\ASPIRE 3\Desktop\Pasta raiz - Arquitetura de Software\Arquitetura-de-Software-Projeto\Models\Service\..\Views\ydata_synthetic_fraud_dataset.html com 5000 linhas.
2025-03-23 12:33:54,716 - INFO - Processo concluído com sucesso.
2025-03-23 12:37:25,258 - INFO - Iniciando autenticação no Kaggle.
2025-03-23 12:37:25,258 - INFO - Autenticação bem-sucedida! Fazendo download do dataset.
2025-03-23 12:37:25,619 - INFO - Dataset baixado com sucesso! Gerando relatórios de EDA.
2025-03-23 12:37:46,908 - INFO - Relatório AutoViz gerado para synthetic_fraud_dataset.
2025-03-23 12:38:01,754 - INFO - D-Tale iniciado para synthetic_fraud_dataset.
2025-03-23 12:40:28,126 - INFO - Relatório YData Profiling salvo em c:\Users\ASPIRE 3\Desktop\Pasta raiz - Arquitetura de Software\Arquitetura-de-Software-Projeto\Models\Service\..\..\Views\ydata_synthetic_fraud_dataset.html com 500 linhas.
2025-03-23 12:40:28,199 - INFO - Processo concluído com sucesso.
2025-03-24 19:50:34,295 - INFO - Iniciando autenticação no Kaggle.
2025-03-24 19:50:34,315 - INFO - Autenticação bem-sucedida! Fazendo download do dataset.
2025-03-24 19:50:34,735 - INFO - Dataset baixado com sucesso! Gerando relatórios de EDA.
2025-03-24 19:51:06,353 - INFO - Relatório AutoViz gerado para synthetic_fraud_dataset.
2025-03-24 19:51:25,472 - INFO - D-Tale iniciado para synthetic_fraud_dataset.
2025-03-24 19:54:24,321 - INFO - Relatório YData Profiling salvo em c:\Users\ASPIRE 3\Desktop\Pasta raiz - Arquitetura de Software\Arquitetura-de-Software-Projeto\Models\Service\..\..\Views\ydata_synthetic_fraud_dataset.html com 500 linhas.
2025-03-24 19:54:24,507 - INFO - Processo concluído com sucesso.
2025-03-24 19:54:24,507 - INFO - Inicio do algoritmo de Classificação
2025-03-24 19:58:19,298 - INFO - Iniciando autenticação no Kaggle.
2025-03-24 19:58:19,298 - INFO - Autenticação bem-sucedida! Fazendo download do dataset.
2025-03-24 20:03:03,613 - INFO - Iniciando autenticação no Kaggle.
2025-03-24 20:03:03,613 - INFO - Autenticação bem-sucedida! Fazendo download do dataset.
2025-03-24 20:03:03,973 - INFO - Inicio do algoritmo de Classificação
2025-03-24 20:11:06,508 - INFO - Iniciando autenticação no Kaggle.
2025-03-24 20:11:06,508 - INFO - Autenticação bem-sucedida! Fazendo download do dataset.
2025-03-24 20:11:06,899 - INFO - Inicio do algoritmo de Classificação
2025-03-24 20:11:09,595 - INFO - Classificação finalizada com sucesso
2025-03-24 20:17:28,302 - INFO - Iniciando autenticação no Kaggle.
2025-03-24 20:17:28,302 - INFO - Autenticação bem-sucedida! Fazendo download do dataset.
2025-03-24 20:17:28,711 - INFO - Inicio do algoritmo de Classificação
2025-03-24 20:17:43,399 - INFO - Classificação finalizada com sucesso
2025-03-24 21:56:20,780 - INFO - Iniciando autenticação no Kaggle.
2025-03-24 21:56:20,786 - INFO - Autenticação bem-sucedida! Fazendo download do dataset.
2025-03-24 21:56:21,199 - INFO - Inicio do algoritmo de Classificação
2025-03-24 21:56:29,287 - INFO - Classificação finalizada com sucesso
2025-03-31 20:10:18,748 - INFO - Iniciando autenticação no Kaggle.
2025-03-31 20:10:18,764 - INFO - Autenticação bem-sucedida! Fazendo download do dataset.
2025-03-31 20:10:19,129 - INFO - Inicio do algoritmo de Classificação
2025-03-31 20:10:29,362 - INFO - Classificação finalizada com sucesso
2025-03-31 20:43:47,082 - INFO - Iniciando autenticação no Kaggle.
2025-03-31 20:43:47,082 - INFO - Autenticação bem-sucedida! Fazendo download do dataset.
2025-03-31 20:43:47,385 - INFO - Inicio do algoritmo de Classificação
2025-03-31 20:44:02,160 - INFO - Classificação finalizada com sucesso
2025-03-31 20:44:54,596 - INFO - Iniciando autenticação no Kaggle.
2025-03-31 20:44:54,596 - INFO - Autenticação bem-sucedida! Fazendo download do dataset.
2025-03-31 20:44:54,874 - INFO - Inicio do algoritmo de Classificação
2025-03-31 20:45:14,479 - INFO - Classificação finalizada com sucesso
2025-03-31 20:47:49,824 - INFO - Iniciando autenticação no Kaggle.
2025-03-31 20:47:49,824 - INFO - Autenticação bem-sucedida! Fazendo download do dataset.
2025-03-31 20:47:50,119 - INFO - Inicio do algoritmo de Classificação
2025-03-31 20:49:41,873 - INFO - Classificação finalizada com sucesso
2025-03-31 20:50:23,525 - INFO - Iniciando autenticação no Kaggle.
2025-03-31 20:50:23,525 - INFO - Autenticação bem-sucedida! Fazendo download do dataset.
2025-03-31 20:50:23,691 - INFO - Inicio do algoritmo de Classificação
2025-03-31 21:00:08,297 - INFO - Iniciando autenticação no Kaggle.
2025-03-31 21:00:08,297 - INFO - Autenticação bem-sucedida! Fazendo download do dataset.
2025-03-31 21:00:08,514 - INFO - Inicio do algoritmo de Classificação
2025-03-31 21:02:40,968 - INFO - Iniciando autenticação no Kaggle.
2025-03-31 21:02:40,968 - INFO - Autenticação bem-sucedida! Fazendo download do dataset.
2025-03-31 21:02:41,179 - INFO - Inicio do algoritmo de Classificação
2025-03-31 21:02:49,924 - INFO - Classificação finalizada com sucesso
2025-03-31 21:05:24,807 - INFO - Iniciando autenticação no Kaggle.
2025-03-31 21:05:24,807 - INFO - Autenticação bem-sucedida! Fazendo download do dataset.
2025-03-31 21:05:25,012 - INFO - Inicio do algoritmo de Classificação
2025-03-31 21:05:34,073 - INFO - Classificação finalizada com sucesso
2025-03-31 21:09:01,857 - INFO - Iniciando autenticação no Kaggle.
2025-03-31 21:09:01,857 - INFO - Autenticação bem-sucedida! Fazendo download do dataset.
2025-03-31 21:09:02,075 - INFO - Inicio do algoritmo de Classificação
2025-03-31 21:13:44,318 - INFO - Iniciando autenticação no Kaggle.
2025-03-31 21:13:44,318 - INFO - Autenticação bem-sucedida! Fazendo download do dataset.
2025-03-31 21:13:44,537 - INFO - Inicio do algoritmo de Classificação
2025-03-31 21:15:38,072 - INFO - Iniciando autenticação no Kaggle.
2025-03-31 21:15:38,072 - INFO - Autenticação bem-sucedida! Fazendo download do dataset.
2025-03-31 21:15:38,272 - INFO - Inicio do algoritmo de Classificação
2025-03-31 21:17:21,118 - INFO - Iniciando autenticação no Kaggle.
2025-03-31 21:17:21,118 - INFO - Autenticação bem-sucedida! Fazendo download do dataset.
2025-03-31 21:17:21,330 - INFO - Inicio do algoritmo de Classificação
2025-03-31 21:17:40,926 - INFO - Classificação finalizada com sucesso
2025-03-31 21:21:42,704 - INFO - Iniciando autenticação no Kaggle.
2025-03-31 21:21:42,704 - INFO - Autenticação bem-sucedida! Fazendo download do dataset.
2025-03-31 21:21:43,015 - INFO - Inicio do algoritmo de Classificação
2025-03-31 21:22:09,088 - INFO - Classificação finalizada com sucesso
2025-04-14 18:25:37,924 - INFO - Iniciando autenticação no Kaggle.
2025-04-14 18:25:37,959 - INFO - Autenticação bem-sucedida! Fazendo download do dataset.
2025-04-14 18:25:38,478 - INFO - Inicio do algoritmo de Classificação
2025-04-14 18:26:40,833 - INFO - Classificação finalizada com sucesso
